<?xml version="1.0" encoding="UTF-8"?>
<!-- Generated by org.testng.reporters.JUnitXMLReporter -->
<testsuite ignored="1" hostname="LAPTOP-R42Q8QC2" failures="0" tests="5" name="demo" time="71.287" errors="0" timestamp="2025-01-01T13:18:05 IST">
  <testcase classname="Tests.RegisterTest" name="createUserAccount" time="10.431"/>
  <testcase classname="Tests.ProductTest" name="addProductAndVerify" time="13.5"/>
  <testcase classname="Tests.ProductTest" name="checkoutDetails" time="3.732"/>
  <testcase classname="Tests.ProductTest" name="placeOrder" time="10.225"/>
  <testcase classname="Tests.PaymentTest" name="paymentDetails" time="10.386"/>
  <testcase classname="Tests.ProductTest" name="product" time="0.0">
    <ignored/>
  </testcase> <!-- product -->
</testsuite> <!-- demo -->
