<?xml version="1.0" encoding="UTF-8"?>
<testng-results ignored="0" total="1" passed="1" failed="0" skipped="0">
  <reporter-output>
  </reporter-output>
  <suite started-at="2025-01-12T12:59:02 IST" name="All Test Suite" finished-at="2025-01-12T12:59:08 IST" duration-ms="5464">
    <groups>
    </groups>
    <test started-at="2025-01-12T12:59:02 IST" name="D:/Selenium Project/E2EFramwork" finished-at="2025-01-12T12:59:08 IST" duration-ms="5464">
      <class name="org.selenium.aj34.googleTest">
        <test-method signature="test()[pri:0, instance:org.selenium.aj34.googleTest@1280682]" started-at="2025-01-12T12:59:02 IST" name="test" finished-at="2025-01-12T12:59:06 IST" duration-ms="3971" status="PASS">
          <reporter-output>
          </reporter-output>
        </test-method> <!-- test -->
        <test-method is-config="true" signature="tearDown()[pri:0, instance:org.selenium.aj34.googleTest@1280682]" started-at="2025-01-12T12:59:06 IST" name="tearDown" finished-at="2025-01-12T12:59:08 IST" duration-ms="1297" status="PASS">
          <reporter-output>
          </reporter-output>
        </test-method> <!-- tearDown -->
      </class> <!-- org.selenium.aj34.googleTest -->
    </test> <!-- D:/Selenium Project/E2EFramwork -->
  </suite> <!-- All Test Suite -->
</testng-results>
